

================================================================
== Vivado HLS Report for 'mem_hw'
================================================================
* Date:           Mon Jun  4 11:41:29 2018

* Version:        2017.4 (Build 2086221 on Fri Dec 15 21:13:33 MST 2017)
* Project:        mem_prj
* Solution:       solution1
* Product family: zynq
* Target device:  xc7z020clg484-1


================================================================
== Performance Estimates
================================================================
+ Timing (ns): 
    * Summary: 
    +--------+--------+----------+------------+
    |  Clock | Target | Estimated| Uncertainty|
    +--------+--------+----------+------------+
    |ap_clk  |  800.00|      8.00|      100.00|
    +--------+--------+----------+------------+

+ Latency (clock cycles): 
    * Summary: 
    +-----+---------+-----+---------+----------+
    |    Latency    |    Interval   | Pipeline |
    | min |   max   | min |   max   |   Type   |
    +-----+---------+-----+---------+----------+
    |    2|  1048325|    3|  1048326| dataflow |
    +-----+---------+-----+---------+----------+

    + Detail: 
        * Instance: 
        +----------------------+------------+-----+---------+-----+---------+---------+
        |                      |            |    Latency    |    Interval   | Pipeline|
        |       Instance       |   Module   | min |   max   | min |   max   |   Type  |
        +----------------------+------------+-----+---------+-----+---------+---------+
        |grp_Block_proc_fu_84  |Block_proc  |    2|  1048325|    2|  1048325|   none  |
        +----------------------+------------+-----+---------+-----+---------+---------+

        * Loop: 
        N/A

============================================================
+ Verbose Summary: Synthesis Manager
============================================================
InlineROM: 1
ExposeGlobal: 0
============================================================
+ Verbose Summary: CDFG Model
============================================================
IsTopModel: 1
ResetActiveHigh: 1
IsCombinational: 2
IsDatapathOnly: 0
HasWiredReturn: 1
HasMFsm: 0
HasVarLatency: 1
IsPipeline: 0
IsRtlPipelined: 0
IsInstanceOverlapped: 0
IsDontTouch: 0
HasImplIP: 0
IsGatedGlobalClock: 0


============================================================
+ Verbose Summary: Schedule
============================================================
* Number of FSM states : 4
* Pipeline : 0
* Dataflow Pipeline: 1
  DF-Pipeline-0: Size = 4, States = { 1 2 3 4 }

* FSM state transitions: 
1 --> 
	2  / true
2 --> 
	3  / true
3 --> 
	4  / true
4 --> 

* FSM state operations: 

 <State 1> : 0.00ns

 <State 2> : 1.96ns
ST_2 : Operation 5 [1/1] (1.00ns)   --->   "%mask_read = call i64 @_ssdm_op_Read.s_axilite.i64(i64 %mask)"   --->   Core 10 's_axilite' <Latency = 0> <II = 1> <Delay = 1.00> <Adapter> <Opcode : 'read' 'write'>
ST_2 : Operation 6 [1/1] (1.00ns)   --->   "%rw_read = call i32 @_ssdm_op_Read.s_axilite.i32(i32 %rw)"   --->   Core 10 's_axilite' <Latency = 0> <II = 1> <Delay = 1.00> <Adapter> <Opcode : 'read' 'write'>
ST_2 : Operation 7 [2/2] (0.95ns)   --->   "call fastcc void @Block__proc(i32 %rw_read, i64* %in_V_data_V, i8* %in_V_keep_V, i8* %in_V_strb_V, i1* %in_V_user_V, i1* %in_V_last_V, i1* %in_V_id_V, i1* %in_V_dest_V, i64 %mask_read, i64* %out_V_data_V, i8* %out_V_keep_V, i8* %out_V_strb_V, i1* %out_V_user_V, i1* %out_V_last_V, i1* %out_V_id_V, i1* %out_V_dest_V, [256 x i64]* %test_init_arr_V)"   --->   Core 0 '' <Latency = 0> <II = 1> <Delay = 1.00> <Generic> <Opcode : >

 <State 3> : 0.00ns
ST_3 : Operation 8 [1/2] (0.00ns)   --->   "call fastcc void @Block__proc(i32 %rw_read, i64* %in_V_data_V, i8* %in_V_keep_V, i8* %in_V_strb_V, i1* %in_V_user_V, i1* %in_V_last_V, i1* %in_V_id_V, i1* %in_V_dest_V, i64 %mask_read, i64* %out_V_data_V, i8* %out_V_keep_V, i8* %out_V_strb_V, i1* %out_V_user_V, i1* %out_V_last_V, i1* %out_V_id_V, i1* %out_V_dest_V, [256 x i64]* %test_init_arr_V)"   --->   Core 0 '' <Latency = 0> <II = 1> <Delay = 1.00> <Generic> <Opcode : >

 <State 4> : 0.00ns
ST_4 : Operation 9 [1/1] (0.00ns)   --->   "call void (...)* @_ssdm_op_SpecDataflowPipeline(i32 -1, [1 x i8]* @p_str2) nounwind" [mem.cpp:62]
ST_4 : Operation 10 [1/1] (0.00ns)   --->   "call void (...)* @_ssdm_op_SpecBitsMap(i64* %out_V_data_V), !map !71"
ST_4 : Operation 11 [1/1] (0.00ns)   --->   "call void (...)* @_ssdm_op_SpecBitsMap(i8* %out_V_keep_V), !map !75"
ST_4 : Operation 12 [1/1] (0.00ns)   --->   "call void (...)* @_ssdm_op_SpecBitsMap(i8* %out_V_strb_V), !map !79"
ST_4 : Operation 13 [1/1] (0.00ns)   --->   "call void (...)* @_ssdm_op_SpecBitsMap(i1* %out_V_user_V), !map !83"
ST_4 : Operation 14 [1/1] (0.00ns)   --->   "call void (...)* @_ssdm_op_SpecBitsMap(i1* %out_V_last_V), !map !87"
ST_4 : Operation 15 [1/1] (0.00ns)   --->   "call void (...)* @_ssdm_op_SpecBitsMap(i1* %out_V_id_V), !map !91"
ST_4 : Operation 16 [1/1] (0.00ns)   --->   "call void (...)* @_ssdm_op_SpecBitsMap(i1* %out_V_dest_V), !map !95"
ST_4 : Operation 17 [1/1] (0.00ns)   --->   "call void (...)* @_ssdm_op_SpecBitsMap(i64* %in_V_data_V), !map !99"
ST_4 : Operation 18 [1/1] (0.00ns)   --->   "call void (...)* @_ssdm_op_SpecBitsMap(i8* %in_V_keep_V), !map !103"
ST_4 : Operation 19 [1/1] (0.00ns)   --->   "call void (...)* @_ssdm_op_SpecBitsMap(i8* %in_V_strb_V), !map !107"
ST_4 : Operation 20 [1/1] (0.00ns)   --->   "call void (...)* @_ssdm_op_SpecBitsMap(i1* %in_V_user_V), !map !111"
ST_4 : Operation 21 [1/1] (0.00ns)   --->   "call void (...)* @_ssdm_op_SpecBitsMap(i1* %in_V_last_V), !map !115"
ST_4 : Operation 22 [1/1] (0.00ns)   --->   "call void (...)* @_ssdm_op_SpecBitsMap(i1* %in_V_id_V), !map !119"
ST_4 : Operation 23 [1/1] (0.00ns)   --->   "call void (...)* @_ssdm_op_SpecBitsMap(i1* %in_V_dest_V), !map !123"
ST_4 : Operation 24 [1/1] (0.00ns)   --->   "call void (...)* @_ssdm_op_SpecBitsMap(i32 %rw), !map !127"
ST_4 : Operation 25 [1/1] (0.00ns)   --->   "call void (...)* @_ssdm_op_SpecBitsMap(i64 %mask), !map !133"
ST_4 : Operation 26 [1/1] (0.00ns)   --->   "call void (...)* @_ssdm_op_SpecBitsMap([256 x i64]* %test_init_arr_V), !map !137"
ST_4 : Operation 27 [1/1] (0.00ns)   --->   "call void (...)* @_ssdm_op_SpecTopModule([7 x i8]* @mem_hw_str) nounwind"
ST_4 : Operation 28 [1/1] (0.00ns)   --->   "call void (...)* @_ssdm_op_SpecDataflowPipeline(i32 -1, [1 x i8]* @p_str2) nounwind" [mem.cpp:52]
ST_4 : Operation 29 [1/1] (0.00ns)   --->   "call void (...)* @_ssdm_op_SpecInterface(i32 0, [10 x i8]* @p_str5, i32 0, i32 0, [1 x i8]* @p_str2, i32 0, i32 0, [12 x i8]* @p_str6, [1 x i8]* @p_str2, [1 x i8]* @p_str2, i32 0, i32 0, i32 0, i32 0, [1 x i8]* @p_str2, [1 x i8]* @p_str2) nounwind" [mem.cpp:53]
ST_4 : Operation 30 [1/1] (0.00ns)   --->   "call void (...)* @_ssdm_op_SpecInterface(i64 %mask, [10 x i8]* @p_str5, i32 0, i32 0, [1 x i8]* @p_str2, i32 0, i32 0, [12 x i8]* @p_str6, [1 x i8]* @p_str2, [1 x i8]* @p_str2, i32 0, i32 0, i32 0, i32 0, [1 x i8]* @p_str2, [1 x i8]* @p_str2) nounwind" [mem.cpp:54]
ST_4 : Operation 31 [1/1] (0.00ns)   --->   "call void (...)* @_ssdm_op_SpecInterface(i32 %rw, [10 x i8]* @p_str5, i32 0, i32 0, [1 x i8]* @p_str2, i32 0, i32 0, [12 x i8]* @p_str6, [1 x i8]* @p_str2, [1 x i8]* @p_str2, i32 0, i32 0, i32 0, i32 0, [1 x i8]* @p_str2, [1 x i8]* @p_str2) nounwind" [mem.cpp:55]
ST_4 : Operation 32 [1/1] (0.00ns)   --->   "%empty = call i32 (...)* @_ssdm_op_SpecMemCore([256 x i64]* %test_init_arr_V, [1 x i8]* @p_str3, [7 x i8]* @RAM_1P_str, [1 x i8]* @p_str3, i32 -1, [1 x i8]* @p_str3, [1 x i8]* @p_str3, [1 x i8]* @p_str3, [1 x i8]* @p_str3, [1 x i8]* @p_str3)"
ST_4 : Operation 33 [1/1] (0.00ns)   --->   "call void (...)* @_ssdm_op_SpecInterface([256 x i64]* %test_init_arr_V, [10 x i8]* @p_str5, i32 0, i32 0, [1 x i8]* @p_str2, i32 0, i32 0, [12 x i8]* @p_str6, [1 x i8]* @p_str2, [1 x i8]* @p_str2, i32 0, i32 0, i32 0, i32 0, [1 x i8]* @p_str2, [1 x i8]* @p_str2) nounwind"
ST_4 : Operation 34 [1/1] (0.00ns)   --->   "call void (...)* @_ssdm_op_SpecInterface(i64* %out_V_data_V, i8* %out_V_keep_V, i8* %out_V_strb_V, i1* %out_V_user_V, i1* %out_V_last_V, i1* %out_V_id_V, i1* %out_V_dest_V, [5 x i8]* @p_str7, i32 1, i32 1, [5 x i8]* @p_str8, i32 0, i32 0, [1 x i8]* @p_str2, [1 x i8]* @p_str2, [1 x i8]* @p_str2, i32 0, i32 0, i32 0, i32 0, [1 x i8]* @p_str2, [1 x i8]* @p_str2) nounwind" [mem.cpp:57]
ST_4 : Operation 35 [1/1] (0.00ns)   --->   "call void (...)* @_ssdm_op_SpecInterface(i64* %in_V_data_V, i8* %in_V_keep_V, i8* %in_V_strb_V, i1* %in_V_user_V, i1* %in_V_last_V, i1* %in_V_id_V, i1* %in_V_dest_V, [5 x i8]* @p_str7, i32 1, i32 1, [5 x i8]* @p_str8, i32 0, i32 0, [1 x i8]* @p_str2, [1 x i8]* @p_str2, [1 x i8]* @p_str2, i32 0, i32 0, i32 0, i32 0, [1 x i8]* @p_str2, [1 x i8]* @p_str2) nounwind" [mem.cpp:58]
ST_4 : Operation 36 [1/1] (0.00ns)   --->   "ret void" [mem.cpp:71]


============================================================
+ Verbose Summary: Binding
============================================================
STG Binding: 
---------------- STG Properties BEGIN ----------------
- Is combinational: 0
- Is one-state seq: 0
- Is datapath-only: 0
- Is pipelined: 0
- Is top level: 1
Port [ Return ] is wired: 1; IO mode=ap_ctrl_hs:ce=0
Port [ out_V_data_V]:  wired=1; compound=1; hidden=0; nouse=0; global=0; static=0; extern=0; dir=1; type=0; pingpong=0; private_global=0; IO mode=axis:ce=0
Port [ out_V_keep_V]:  wired=1; compound=1; hidden=0; nouse=0; global=0; static=0; extern=0; dir=1; type=0; pingpong=0; private_global=0; IO mode=axis:ce=0
Port [ out_V_strb_V]:  wired=1; compound=1; hidden=0; nouse=0; global=0; static=0; extern=0; dir=1; type=0; pingpong=0; private_global=0; IO mode=axis:ce=0
Port [ out_V_user_V]:  wired=1; compound=1; hidden=0; nouse=0; global=0; static=0; extern=0; dir=1; type=0; pingpong=0; private_global=0; IO mode=axis:ce=0
Port [ out_V_last_V]:  wired=1; compound=1; hidden=0; nouse=0; global=0; static=0; extern=0; dir=1; type=0; pingpong=0; private_global=0; IO mode=axis:ce=0
Port [ out_V_id_V]:  wired=1; compound=1; hidden=0; nouse=0; global=0; static=0; extern=0; dir=1; type=0; pingpong=0; private_global=0; IO mode=axis:ce=0
Port [ out_V_dest_V]:  wired=1; compound=1; hidden=0; nouse=0; global=0; static=0; extern=0; dir=1; type=0; pingpong=0; private_global=0; IO mode=axis:ce=0
Port [ in_V_data_V]:  wired=1; compound=1; hidden=0; nouse=0; global=0; static=0; extern=0; dir=0; type=0; pingpong=0; private_global=0; IO mode=axis:ce=0
Port [ in_V_keep_V]:  wired=1; compound=1; hidden=0; nouse=0; global=0; static=0; extern=0; dir=0; type=0; pingpong=0; private_global=0; IO mode=axis:ce=0
Port [ in_V_strb_V]:  wired=1; compound=1; hidden=0; nouse=0; global=0; static=0; extern=0; dir=0; type=0; pingpong=0; private_global=0; IO mode=axis:ce=0
Port [ in_V_user_V]:  wired=1; compound=1; hidden=0; nouse=0; global=0; static=0; extern=0; dir=0; type=0; pingpong=0; private_global=0; IO mode=axis:ce=0
Port [ in_V_last_V]:  wired=1; compound=1; hidden=0; nouse=0; global=0; static=0; extern=0; dir=0; type=0; pingpong=0; private_global=0; IO mode=axis:ce=0
Port [ in_V_id_V]:  wired=1; compound=1; hidden=0; nouse=0; global=0; static=0; extern=0; dir=0; type=0; pingpong=0; private_global=0; IO mode=axis:ce=0
Port [ in_V_dest_V]:  wired=1; compound=1; hidden=0; nouse=0; global=0; static=0; extern=0; dir=0; type=0; pingpong=0; private_global=0; IO mode=axis:ce=0
Port [ rw]:  wired=1; compound=0; hidden=0; nouse=0; global=0; static=0; extern=0; dir=0; type=0; pingpong=0; private_global=0; IO mode=ap_none:ce=0
Port [ mask]:  wired=1; compound=0; hidden=0; nouse=0; global=0; static=0; extern=0; dir=0; type=0; pingpong=0; private_global=0; IO mode=ap_none:ce=0
Port [ test_init_arr_V]:  wired=1; compound=1; hidden=0; nouse=0; global=0; static=0; extern=0; dir=0; type=1; pingpong=0; private_global=0; MemPort=[1]; IO mode=ap_memory:ce=0
---------------- STG Properties END ------------------

---------------- Datapath Model BEGIN ----------------

<LifeTime>
<method=bitvector/>
mask_read   (read                ) [ 00010]
rw_read     (read                ) [ 00010]
StgValue_8  (call                ) [ 00000]
StgValue_9  (specdataflowpipeline) [ 00000]
StgValue_10 (specbitsmap         ) [ 00000]
StgValue_11 (specbitsmap         ) [ 00000]
StgValue_12 (specbitsmap         ) [ 00000]
StgValue_13 (specbitsmap         ) [ 00000]
StgValue_14 (specbitsmap         ) [ 00000]
StgValue_15 (specbitsmap         ) [ 00000]
StgValue_16 (specbitsmap         ) [ 00000]
StgValue_17 (specbitsmap         ) [ 00000]
StgValue_18 (specbitsmap         ) [ 00000]
StgValue_19 (specbitsmap         ) [ 00000]
StgValue_20 (specbitsmap         ) [ 00000]
StgValue_21 (specbitsmap         ) [ 00000]
StgValue_22 (specbitsmap         ) [ 00000]
StgValue_23 (specbitsmap         ) [ 00000]
StgValue_24 (specbitsmap         ) [ 00000]
StgValue_25 (specbitsmap         ) [ 00000]
StgValue_26 (specbitsmap         ) [ 00000]
StgValue_27 (spectopmodule       ) [ 00000]
StgValue_28 (specdataflowpipeline) [ 00000]
StgValue_29 (specinterface       ) [ 00000]
StgValue_30 (specinterface       ) [ 00000]
StgValue_31 (specinterface       ) [ 00000]
empty       (specmemcore         ) [ 00000]
StgValue_33 (specinterface       ) [ 00000]
StgValue_34 (specinterface       ) [ 00000]
StgValue_35 (specinterface       ) [ 00000]
StgValue_36 (ret                 ) [ 00000]
</LifeTime>

<model>

<comp_list>
<comp id="0" class="1000" name="out_V_data_V">
<pin_list>
<pin id="1" dir="1" index="0" bw="1" slack="0"/>
</pin_list>
<bind>
<StgValue><ssdm name="out_V_data_V"/></StgValue>
</bind>
</comp>

<comp id="2" class="1000" name="out_V_keep_V">
<pin_list>
<pin id="3" dir="1" index="0" bw="1" slack="0"/>
</pin_list>
<bind>
<StgValue><ssdm name="out_V_keep_V"/></StgValue>
</bind>
</comp>

<comp id="4" class="1000" name="out_V_strb_V">
<pin_list>
<pin id="5" dir="1" index="0" bw="1" slack="0"/>
</pin_list>
<bind>
<StgValue><ssdm name="out_V_strb_V"/></StgValue>
</bind>
</comp>

<comp id="6" class="1000" name="out_V_user_V">
<pin_list>
<pin id="7" dir="1" index="0" bw="1" slack="0"/>
</pin_list>
<bind>
<StgValue><ssdm name="out_V_user_V"/></StgValue>
</bind>
</comp>

<comp id="8" class="1000" name="out_V_last_V">
<pin_list>
<pin id="9" dir="1" index="0" bw="1" slack="0"/>
</pin_list>
<bind>
<StgValue><ssdm name="out_V_last_V"/></StgValue>
</bind>
</comp>

<comp id="10" class="1000" name="out_V_id_V">
<pin_list>
<pin id="11" dir="1" index="0" bw="1" slack="0"/>
</pin_list>
<bind>
<StgValue><ssdm name="out_V_id_V"/></StgValue>
</bind>
</comp>

<comp id="12" class="1000" name="out_V_dest_V">
<pin_list>
<pin id="13" dir="1" index="0" bw="1" slack="0"/>
</pin_list>
<bind>
<StgValue><ssdm name="out_V_dest_V"/></StgValue>
</bind>
</comp>

<comp id="14" class="1000" name="in_V_data_V">
<pin_list>
<pin id="15" dir="1" index="0" bw="1" slack="0"/>
</pin_list>
<bind>
<StgValue><ssdm name="in_V_data_V"/></StgValue>
</bind>
</comp>

<comp id="16" class="1000" name="in_V_keep_V">
<pin_list>
<pin id="17" dir="1" index="0" bw="1" slack="0"/>
</pin_list>
<bind>
<StgValue><ssdm name="in_V_keep_V"/></StgValue>
</bind>
</comp>

<comp id="18" class="1000" name="in_V_strb_V">
<pin_list>
<pin id="19" dir="1" index="0" bw="1" slack="0"/>
</pin_list>
<bind>
<StgValue><ssdm name="in_V_strb_V"/></StgValue>
</bind>
</comp>

<comp id="20" class="1000" name="in_V_user_V">
<pin_list>
<pin id="21" dir="1" index="0" bw="1" slack="0"/>
</pin_list>
<bind>
<StgValue><ssdm name="in_V_user_V"/></StgValue>
</bind>
</comp>

<comp id="22" class="1000" name="in_V_last_V">
<pin_list>
<pin id="23" dir="1" index="0" bw="1" slack="0"/>
</pin_list>
<bind>
<StgValue><ssdm name="in_V_last_V"/></StgValue>
</bind>
</comp>

<comp id="24" class="1000" name="in_V_id_V">
<pin_list>
<pin id="25" dir="1" index="0" bw="1" slack="0"/>
</pin_list>
<bind>
<StgValue><ssdm name="in_V_id_V"/></StgValue>
</bind>
</comp>

<comp id="26" class="1000" name="in_V_dest_V">
<pin_list>
<pin id="27" dir="1" index="0" bw="1" slack="0"/>
</pin_list>
<bind>
<StgValue><ssdm name="in_V_dest_V"/></StgValue>
</bind>
</comp>

<comp id="28" class="1000" name="rw">
<pin_list>
<pin id="29" dir="1" index="0" bw="1" slack="0"/>
</pin_list>
<bind>
<StgValue><ssdm name="rw"/></StgValue>
</bind>
</comp>

<comp id="30" class="1000" name="mask">
<pin_list>
<pin id="31" dir="1" index="0" bw="1" slack="0"/>
</pin_list>
<bind>
<StgValue><ssdm name="mask"/></StgValue>
</bind>
</comp>

<comp id="32" class="1000" name="test_init_arr_V">
<pin_list>
<pin id="33" dir="1" index="0" bw="1" slack="0"/>
</pin_list>
<bind>
<StgValue><ssdm name="test_init_arr_V"/><MemPortTyVec>1 </MemPortTyVec>
</StgValue>
</bind>
</comp>

<comp id="34" class="1001" name="const_34">
<pin_list>
<pin id="35" dir="1" index="0" bw="1" slack="0"/>
</pin_list>
<bind>
<StgValue><ssdm name="_ssdm_op_Read.s_axilite.i64"/></StgValue>
</bind>
</comp>

<comp id="36" class="1001" name="const_36">
<pin_list>
<pin id="37" dir="1" index="0" bw="1" slack="0"/>
</pin_list>
<bind>
<StgValue><ssdm name="_ssdm_op_Read.s_axilite.i32"/></StgValue>
</bind>
</comp>

<comp id="38" class="1001" name="const_38">
<pin_list>
<pin id="39" dir="1" index="0" bw="1" slack="0"/>
</pin_list>
<bind>
<StgValue><ssdm name="Block__proc"/></StgValue>
</bind>
</comp>

<comp id="40" class="1001" name="const_40">
<pin_list>
<pin id="41" dir="1" index="0" bw="1" slack="2147483647"/>
</pin_list>
<bind>
<StgValue><ssdm name="_ssdm_op_SpecDataflowPipeline"/></StgValue>
</bind>
</comp>

<comp id="42" class="1001" name="const_42">
<pin_list>
<pin id="43" dir="1" index="0" bw="1" slack="2147483647"/>
</pin_list>
<bind>
<StgValue><ssdm name=""/></StgValue>
</bind>
</comp>

<comp id="44" class="1001" name="const_44">
<pin_list>
<pin id="45" dir="1" index="0" bw="1" slack="2147483647"/>
</pin_list>
<bind>
<StgValue><ssdm name="p_str2"/></StgValue>
</bind>
</comp>

<comp id="46" class="1001" name="const_46">
<pin_list>
<pin id="47" dir="1" index="0" bw="1" slack="2147483647"/>
</pin_list>
<bind>
<StgValue><ssdm name="_ssdm_op_SpecBitsMap"/></StgValue>
</bind>
</comp>

<comp id="48" class="1001" name="const_48">
<pin_list>
<pin id="49" dir="1" index="0" bw="1" slack="2147483647"/>
</pin_list>
<bind>
<StgValue><ssdm name="_ssdm_op_SpecTopModule"/></StgValue>
</bind>
</comp>

<comp id="50" class="1001" name="const_50">
<pin_list>
<pin id="51" dir="1" index="0" bw="1" slack="2147483647"/>
</pin_list>
<bind>
<StgValue><ssdm name="mem_hw_str"/></StgValue>
</bind>
</comp>

<comp id="52" class="1001" name="const_52">
<pin_list>
<pin id="53" dir="1" index="0" bw="1" slack="2147483647"/>
</pin_list>
<bind>
<StgValue><ssdm name="_ssdm_op_SpecInterface"/></StgValue>
</bind>
</comp>

<comp id="54" class="1001" name="const_54">
<pin_list>
<pin id="55" dir="1" index="0" bw="1" slack="2147483647"/>
</pin_list>
<bind>
<StgValue><ssdm name=""/></StgValue>
</bind>
</comp>

<comp id="56" class="1001" name="const_56">
<pin_list>
<pin id="57" dir="1" index="0" bw="1" slack="2147483647"/>
</pin_list>
<bind>
<StgValue><ssdm name="p_str5"/></StgValue>
</bind>
</comp>

<comp id="58" class="1001" name="const_58">
<pin_list>
<pin id="59" dir="1" index="0" bw="1" slack="2147483647"/>
</pin_list>
<bind>
<StgValue><ssdm name="p_str6"/></StgValue>
</bind>
</comp>

<comp id="60" class="1001" name="const_60">
<pin_list>
<pin id="61" dir="1" index="0" bw="1" slack="2147483647"/>
</pin_list>
<bind>
<StgValue><ssdm name="_ssdm_op_SpecMemCore"/></StgValue>
</bind>
</comp>

<comp id="62" class="1001" name="const_62">
<pin_list>
<pin id="63" dir="1" index="0" bw="1" slack="2147483647"/>
</pin_list>
<bind>
<StgValue><ssdm name="p_str3"/></StgValue>
</bind>
</comp>

<comp id="64" class="1001" name="const_64">
<pin_list>
<pin id="65" dir="1" index="0" bw="1" slack="2147483647"/>
</pin_list>
<bind>
<StgValue><ssdm name="RAM_1P_str"/></StgValue>
</bind>
</comp>

<comp id="66" class="1001" name="const_66">
<pin_list>
<pin id="67" dir="1" index="0" bw="1" slack="2147483647"/>
</pin_list>
<bind>
<StgValue><ssdm name="p_str7"/></StgValue>
</bind>
</comp>

<comp id="68" class="1001" name="const_68">
<pin_list>
<pin id="69" dir="1" index="0" bw="1" slack="2147483647"/>
</pin_list>
<bind>
<StgValue><ssdm name=""/></StgValue>
</bind>
</comp>

<comp id="70" class="1001" name="const_70">
<pin_list>
<pin id="71" dir="1" index="0" bw="1" slack="2147483647"/>
</pin_list>
<bind>
<StgValue><ssdm name="p_str8"/></StgValue>
</bind>
</comp>

<comp id="72" class="1004" name="mask_read_read_fu_72">
<pin_list>
<pin id="73" dir="0" index="0" bw="64" slack="0"/>
<pin id="74" dir="0" index="1" bw="64" slack="0"/>
<pin id="75" dir="1" index="2" bw="64" slack="0"/>
</pin_list>
<bind>
<opcode="read(1150) " fcode="read"/>
<opset="mask_read/2 "/>
</bind>
</comp>

<comp id="78" class="1004" name="rw_read_read_fu_78">
<pin_list>
<pin id="79" dir="0" index="0" bw="32" slack="0"/>
<pin id="80" dir="0" index="1" bw="32" slack="0"/>
<pin id="81" dir="1" index="2" bw="32" slack="0"/>
</pin_list>
<bind>
<opcode="read(1150) " fcode="read"/>
<opset="rw_read/2 "/>
</bind>
</comp>

<comp id="84" class="1004" name="grp_Block_proc_fu_84">
<pin_list>
<pin id="85" dir="0" index="0" bw="0" slack="0"/>
<pin id="86" dir="0" index="1" bw="32" slack="0"/>
<pin id="87" dir="0" index="2" bw="64" slack="0"/>
<pin id="88" dir="0" index="3" bw="8" slack="0"/>
<pin id="89" dir="0" index="4" bw="8" slack="0"/>
<pin id="90" dir="0" index="5" bw="1" slack="0"/>
<pin id="91" dir="0" index="6" bw="1" slack="0"/>
<pin id="92" dir="0" index="7" bw="1" slack="0"/>
<pin id="93" dir="0" index="8" bw="1" slack="0"/>
<pin id="94" dir="0" index="9" bw="64" slack="0"/>
<pin id="95" dir="0" index="10" bw="64" slack="0"/>
<pin id="96" dir="0" index="11" bw="8" slack="0"/>
<pin id="97" dir="0" index="12" bw="8" slack="0"/>
<pin id="98" dir="0" index="13" bw="1" slack="0"/>
<pin id="99" dir="0" index="14" bw="1" slack="0"/>
<pin id="100" dir="0" index="15" bw="1" slack="0"/>
<pin id="101" dir="0" index="16" bw="1" slack="0"/>
<pin id="102" dir="0" index="17" bw="64" slack="0"/>
<pin id="103" dir="1" index="18" bw="0" slack="2147483647"/>
</pin_list>
<bind>
<opcode="call(48) " fcode="call"/>
<opset="StgValue_7/2 "/>
</bind>
</comp>

<comp id="122" class="1005" name="mask_read_reg_122">
<pin_list>
<pin id="123" dir="0" index="0" bw="64" slack="1"/>
<pin id="124" dir="1" index="1" bw="64" slack="1"/>
</pin_list>
<bind>
<opset="mask_read "/>
</bind>
</comp>

<comp id="127" class="1005" name="rw_read_reg_127">
<pin_list>
<pin id="128" dir="0" index="0" bw="32" slack="1"/>
<pin id="129" dir="1" index="1" bw="32" slack="1"/>
</pin_list>
<bind>
<opset="rw_read "/>
</bind>
</comp>

</comp_list>

<net_list>
<net id="76"><net_src comp="34" pin="0"/><net_sink comp="72" pin=0"/></net>

<net id="77"><net_src comp="30" pin="0"/><net_sink comp="72" pin=1"/></net>

<net id="82"><net_src comp="36" pin="0"/><net_sink comp="78" pin=0"/></net>

<net id="83"><net_src comp="28" pin="0"/><net_sink comp="78" pin=1"/></net>

<net id="104"><net_src comp="38" pin="0"/><net_sink comp="84" pin=0"/></net>

<net id="105"><net_src comp="78" pin="2"/><net_sink comp="84" pin=1"/></net>

<net id="106"><net_src comp="14" pin="0"/><net_sink comp="84" pin=2"/></net>

<net id="107"><net_src comp="16" pin="0"/><net_sink comp="84" pin=3"/></net>

<net id="108"><net_src comp="18" pin="0"/><net_sink comp="84" pin=4"/></net>

<net id="109"><net_src comp="20" pin="0"/><net_sink comp="84" pin=5"/></net>

<net id="110"><net_src comp="22" pin="0"/><net_sink comp="84" pin=6"/></net>

<net id="111"><net_src comp="24" pin="0"/><net_sink comp="84" pin=7"/></net>

<net id="112"><net_src comp="26" pin="0"/><net_sink comp="84" pin=8"/></net>

<net id="113"><net_src comp="72" pin="2"/><net_sink comp="84" pin=9"/></net>

<net id="114"><net_src comp="0" pin="0"/><net_sink comp="84" pin=10"/></net>

<net id="115"><net_src comp="2" pin="0"/><net_sink comp="84" pin=11"/></net>

<net id="116"><net_src comp="4" pin="0"/><net_sink comp="84" pin=12"/></net>

<net id="117"><net_src comp="6" pin="0"/><net_sink comp="84" pin=13"/></net>

<net id="118"><net_src comp="8" pin="0"/><net_sink comp="84" pin=14"/></net>

<net id="119"><net_src comp="10" pin="0"/><net_sink comp="84" pin=15"/></net>

<net id="120"><net_src comp="12" pin="0"/><net_sink comp="84" pin=16"/></net>

<net id="121"><net_src comp="32" pin="0"/><net_sink comp="84" pin=17"/></net>

<net id="125"><net_src comp="72" pin="2"/><net_sink comp="122" pin=0"/></net>

<net id="126"><net_src comp="122" pin="1"/><net_sink comp="84" pin=9"/></net>

<net id="130"><net_src comp="78" pin="2"/><net_sink comp="127" pin=0"/></net>

<net id="131"><net_src comp="127" pin="1"/><net_sink comp="84" pin=1"/></net>

</net_list>

</model> 
---------------- Datapath Model END ------------------

* FSMD analyzer results:
  - Output states:
	Port: out_V_data_V | {2 3 }
	Port: out_V_keep_V | {2 3 }
	Port: out_V_strb_V | {2 3 }
	Port: out_V_user_V | {2 3 }
	Port: out_V_last_V | {2 3 }
	Port: out_V_id_V | {2 3 }
	Port: out_V_dest_V | {2 3 }
 - Input state : 
	Port: mem_hw : in_V_data_V | {2 3 }
	Port: mem_hw : in_V_keep_V | {2 3 }
	Port: mem_hw : in_V_strb_V | {2 3 }
	Port: mem_hw : in_V_user_V | {2 3 }
	Port: mem_hw : in_V_last_V | {2 3 }
	Port: mem_hw : in_V_id_V | {2 3 }
	Port: mem_hw : in_V_dest_V | {2 3 }
	Port: mem_hw : rw | {2 }
	Port: mem_hw : mask | {2 }
	Port: mem_hw : test_init_arr_V | {2 3 }
  - Chain level:
	State 1
	State 2
	State 3
	State 4


============================================================
+ Verbose Summary: Datapath Resource usage 
============================================================

* Functional unit list:
|----------|----------------------|---------|---------|---------|
| Operation|    Functional Unit   |  Delay  |    FF   |   LUT   |
|----------|----------------------|---------|---------|---------|
|   call   | grp_Block_proc_fu_84 | 7.12175 |   254   |   274   |
|----------|----------------------|---------|---------|---------|
|   read   | mask_read_read_fu_72 |    0    |    0    |    0    |
|          |  rw_read_read_fu_78  |    0    |    0    |    0    |
|----------|----------------------|---------|---------|---------|
|   Total  |                      | 7.12175 |   254   |   274   |
|----------|----------------------|---------|---------|---------|

Memories:
N/A

* Register list:
+-----------------+--------+
|                 |   FF   |
+-----------------+--------+
|mask_read_reg_122|   64   |
| rw_read_reg_127 |   32   |
+-----------------+--------+
|      Total      |   96   |
+-----------------+--------+

* Multiplexer (MUX) list: 
|----------------------|------|------|------|--------||---------||---------|
|         Comp         |  Pin | Size |  BW  | S x BW ||  Delay  ||   LUT   |
|----------------------|------|------|------|--------||---------||---------|
| grp_Block_proc_fu_84 |  p1  |   2  |  32  |   64   ||    9    |
| grp_Block_proc_fu_84 |  p9  |   2  |  64  |   128  ||    9    |
|----------------------|------|------|------|--------||---------||---------|
|         Total        |      |      |      |   192  ||  3.538  ||    18   |
|----------------------|------|------|------|--------||---------||---------|



* Summary:
+-----------+--------+--------+--------+
|           |  Delay |   FF   |   LUT  |
+-----------+--------+--------+--------+
|  Function |    7   |   254  |   274  |
|   Memory  |    -   |    -   |    -   |
|Multiplexer|    3   |    -   |   18   |
|  Register |    -   |   96   |    -   |
+-----------+--------+--------+--------+
|   Total   |   10   |   350  |   292  |
+-----------+--------+--------+--------+
