

================================================================
== Vivado HLS Report for 'mem_read'
================================================================
* Date:           Mon Jun  4 11:41:29 2018

* Version:        2017.4 (Build 2086221 on Fri Dec 15 21:13:33 MST 2017)
* Project:        mem_prj
* Solution:       solution1
* Product family: zynq
* Target device:  xc7z020clg484-1


================================================================
== Performance Estimates
================================================================
+ Timing (ns): 
    * Summary: 
    +--------+--------+----------+------------+
    |  Clock | Target | Estimated| Uncertainty|
    +--------+--------+----------+------------+
    |ap_clk  |  800.00|      0.00|      100.00|
    +--------+--------+----------+------------+

+ Latency (clock cycles): 
    * Summary: 
    +-----+-----+-----+-----+---------+
    |  Latency  |  Interval | Pipeline|
    | min | max | min | max |   Type  |
    +-----+-----+-----+-----+---------+
    |    2|    2|    2|    2|   none  |
    +-----+-----+-----+-----+---------+

    + Detail: 
        * Instance: 
        N/A

        * Loop: 
        +---------------------+-----+-----+----------+-----------+-----------+------+----------+
        |                     |  Latency  | Iteration|  Initiation Interval  | Trip |          |
        |      Loop Name      | min | max |  Latency |  achieved |   target  | Count| Pipelined|
        +---------------------+-----+-----+----------+-----------+-----------+------+----------+
        |- loop_wait_for_end  |    0|    0|         1|          1|          1|     0|    yes   |
        +---------------------+-----+-----+----------+-----------+-----------+------+----------+

============================================================
+ Verbose Summary: Synthesis Manager
============================================================
InlineROM: 1
ExposeGlobal: 0
============================================================
+ Verbose Summary: CDFG Model
============================================================
IsTopModel: 0
ResetActiveHigh: 1
IsCombinational: 0
IsDatapathOnly: 0
HasWiredReturn: 1
HasMFsm: 0
HasVarLatency: 1
IsPipeline: 0
IsRtlPipelined: 0
IsInstanceOverlapped: 0
IsDontTouch: 0
HasImplIP: 0
IsGatedGlobalClock: 0

+ Individual pipeline summary: 
  * Pipeline-0: initiation interval (II) = 1, depth = 1


============================================================
+ Verbose Summary: Schedule
============================================================
* Number of FSM states : 3
* Pipeline : 1
  Pipeline-0 : II = 1, D = 1, States = { 2 }
* Dataflow Pipeline: 0

* FSM state transitions: 
1 --> 
	2  / true
2 --> 
	3  / (tmp_last_V)
	2  / (!tmp_last_V)
3 --> 

* FSM state operations: 

 <State 1> : 0.00ns
ST_1 : Operation 4 [1/1] (0.00ns)   --->   "call void (...)* @_ssdm_op_SpecInterface(i64* %in_stream_V_data_V, i8* %in_stream_V_keep_V, i8* %in_stream_V_strb_V, i1* %in_stream_V_user_V, i1* %in_stream_V_last_V, i1* %in_stream_V_id_V, i1* %in_stream_V_dest_V, [5 x i8]* @p_str7, i32 1, i32 1, [5 x i8]* @p_str8, i32 0, i32 0, [1 x i8]* @p_str2, [1 x i8]* @p_str2, [1 x i8]* @p_str2, i32 0, i32 0, i32 0, i32 0, [1 x i8]* @p_str2, [1 x i8]* @p_str2) nounwind"
ST_1 : Operation 5 [1/1] (0.00ns)   --->   "br label %._crit_edge"

 <State 2> : 0.00ns
ST_2 : Operation 6 [1/1] (0.00ns)   --->   "call void (...)* @_ssdm_op_SpecLoopName([18 x i8]* @p_str) nounwind" [mem.cpp:9]
ST_2 : Operation 7 [1/1] (0.00ns)   --->   "%tmp = call i32 (...)* @_ssdm_op_SpecRegionBegin([18 x i8]* @p_str)" [mem.cpp:9]
ST_2 : Operation 8 [1/1] (0.00ns)   --->   "call void (...)* @_ssdm_op_SpecPipeline(i32 1, i32 1, i32 1, i32 0, [1 x i8]* @p_str2) nounwind" [mem.cpp:10]
ST_2 : Operation 9 [1/1] (0.00ns)   --->   "call void (...)* @_ssdm_op_SpecLoopTripCount(i32 0, i32 0, i32 0, [1 x i8]* @p_str2) nounwind" [mem.cpp:11]
ST_2 : Operation 10 [1/1] (0.00ns)   --->   "%empty = call { i64, i8, i8, i1, i1, i1, i1 } @_ssdm_op_Read.axis.volatile.i64P.i8P.i8P.i1P.i1P.i1P.i1P(i64* %in_stream_V_data_V, i8* %in_stream_V_keep_V, i8* %in_stream_V_strb_V, i1* %in_stream_V_user_V, i1* %in_stream_V_last_V, i1* %in_stream_V_id_V, i1* %in_stream_V_dest_V)" [mem.cpp:12]   --->   Core 5 'AXI4Stream' <Latency = 0> <II = 1> <Delay = 1.00> <Adapter> <Opcode : >
ST_2 : Operation 11 [1/1] (0.00ns)   --->   "%tmp_last_V = extractvalue { i64, i8, i8, i1, i1, i1, i1 } %empty, 4" [mem.cpp:12]
ST_2 : Operation 12 [1/1] (0.00ns)   --->   "%empty_3 = call i32 (...)* @_ssdm_op_SpecRegionEnd([18 x i8]* @p_str, i32 %tmp)" [mem.cpp:14]
ST_2 : Operation 13 [1/1] (0.00ns)   --->   "br i1 %tmp_last_V, label %0, label %._crit_edge" [mem.cpp:9]

 <State 3> : 0.00ns
ST_3 : Operation 14 [1/1] (0.00ns)   --->   "ret void" [mem.cpp:15]


============================================================
+ Verbose Summary: Binding
============================================================
STG Binding: 
---------------- STG Properties BEGIN ----------------
- Is combinational: 0
- Is one-state seq: 0
- Is datapath-only: 0
- Is pipelined: 0
- Is top level: 0
Port [ Return ] is wired: 1; IO mode=ap_ctrl_hs:ce=0
Port [ in_stream_V_data_V]:  wired=1; compound=1; hidden=0; nouse=0; global=0; static=0; extern=0; dir=0; type=0; pingpong=0; private_global=0; IO mode=axis:ce=0
Port [ in_stream_V_keep_V]:  wired=1; compound=1; hidden=0; nouse=0; global=0; static=0; extern=0; dir=0; type=0; pingpong=0; private_global=0; IO mode=axis:ce=0
Port [ in_stream_V_strb_V]:  wired=1; compound=1; hidden=0; nouse=0; global=0; static=0; extern=0; dir=0; type=0; pingpong=0; private_global=0; IO mode=axis:ce=0
Port [ in_stream_V_user_V]:  wired=1; compound=1; hidden=0; nouse=0; global=0; static=0; extern=0; dir=0; type=0; pingpong=0; private_global=0; IO mode=axis:ce=0
Port [ in_stream_V_last_V]:  wired=1; compound=1; hidden=0; nouse=0; global=0; static=0; extern=0; dir=0; type=0; pingpong=0; private_global=0; IO mode=axis:ce=0
Port [ in_stream_V_id_V]:  wired=1; compound=1; hidden=0; nouse=0; global=0; static=0; extern=0; dir=0; type=0; pingpong=0; private_global=0; IO mode=axis:ce=0
Port [ in_stream_V_dest_V]:  wired=1; compound=1; hidden=0; nouse=0; global=0; static=0; extern=0; dir=0; type=0; pingpong=0; private_global=0; IO mode=axis:ce=0
---------------- STG Properties END ------------------

---------------- Datapath Model BEGIN ----------------

<LifeTime>
<method=bitvector/>
StgValue_4  (specinterface    ) [ 0000]
StgValue_5  (br               ) [ 0000]
StgValue_6  (specloopname     ) [ 0000]
tmp         (specregionbegin  ) [ 0000]
StgValue_8  (specpipeline     ) [ 0000]
StgValue_9  (speclooptripcount) [ 0000]
empty       (read             ) [ 0000]
tmp_last_V  (extractvalue     ) [ 0010]
empty_3     (specregionend    ) [ 0000]
StgValue_13 (br               ) [ 0000]
StgValue_14 (ret              ) [ 0000]
</LifeTime>

<model>

<comp_list>
<comp id="0" class="1000" name="in_stream_V_data_V">
<pin_list>
<pin id="1" dir="1" index="0" bw="1" slack="0"/>
</pin_list>
<bind>
<StgValue><ssdm name="in_stream_V_data_V"/></StgValue>
</bind>
</comp>

<comp id="2" class="1000" name="in_stream_V_keep_V">
<pin_list>
<pin id="3" dir="1" index="0" bw="1" slack="0"/>
</pin_list>
<bind>
<StgValue><ssdm name="in_stream_V_keep_V"/></StgValue>
</bind>
</comp>

<comp id="4" class="1000" name="in_stream_V_strb_V">
<pin_list>
<pin id="5" dir="1" index="0" bw="1" slack="0"/>
</pin_list>
<bind>
<StgValue><ssdm name="in_stream_V_strb_V"/></StgValue>
</bind>
</comp>

<comp id="6" class="1000" name="in_stream_V_user_V">
<pin_list>
<pin id="7" dir="1" index="0" bw="1" slack="0"/>
</pin_list>
<bind>
<StgValue><ssdm name="in_stream_V_user_V"/></StgValue>
</bind>
</comp>

<comp id="8" class="1000" name="in_stream_V_last_V">
<pin_list>
<pin id="9" dir="1" index="0" bw="1" slack="0"/>
</pin_list>
<bind>
<StgValue><ssdm name="in_stream_V_last_V"/></StgValue>
</bind>
</comp>

<comp id="10" class="1000" name="in_stream_V_id_V">
<pin_list>
<pin id="11" dir="1" index="0" bw="1" slack="0"/>
</pin_list>
<bind>
<StgValue><ssdm name="in_stream_V_id_V"/></StgValue>
</bind>
</comp>

<comp id="12" class="1000" name="in_stream_V_dest_V">
<pin_list>
<pin id="13" dir="1" index="0" bw="1" slack="0"/>
</pin_list>
<bind>
<StgValue><ssdm name="in_stream_V_dest_V"/></StgValue>
</bind>
</comp>

<comp id="14" class="1001" name="const_14">
<pin_list>
<pin id="15" dir="1" index="0" bw="1" slack="2147483647"/>
</pin_list>
<bind>
<StgValue><ssdm name="_ssdm_op_SpecInterface"/></StgValue>
</bind>
</comp>

<comp id="16" class="1001" name="const_16">
<pin_list>
<pin id="17" dir="1" index="0" bw="1" slack="2147483647"/>
</pin_list>
<bind>
<StgValue><ssdm name="p_str7"/></StgValue>
</bind>
</comp>

<comp id="18" class="1001" name="const_18">
<pin_list>
<pin id="19" dir="1" index="0" bw="1" slack="2147483647"/>
</pin_list>
<bind>
<StgValue><ssdm name=""/></StgValue>
</bind>
</comp>

<comp id="20" class="1001" name="const_20">
<pin_list>
<pin id="21" dir="1" index="0" bw="1" slack="2147483647"/>
</pin_list>
<bind>
<StgValue><ssdm name="p_str8"/></StgValue>
</bind>
</comp>

<comp id="22" class="1001" name="const_22">
<pin_list>
<pin id="23" dir="1" index="0" bw="1" slack="2147483647"/>
</pin_list>
<bind>
<StgValue><ssdm name=""/></StgValue>
</bind>
</comp>

<comp id="24" class="1001" name="const_24">
<pin_list>
<pin id="25" dir="1" index="0" bw="1" slack="2147483647"/>
</pin_list>
<bind>
<StgValue><ssdm name="p_str2"/></StgValue>
</bind>
</comp>

<comp id="26" class="1001" name="const_26">
<pin_list>
<pin id="27" dir="1" index="0" bw="1" slack="2147483647"/>
</pin_list>
<bind>
<StgValue><ssdm name="_ssdm_op_SpecLoopName"/></StgValue>
</bind>
</comp>

<comp id="28" class="1001" name="const_28">
<pin_list>
<pin id="29" dir="1" index="0" bw="1" slack="2147483647"/>
</pin_list>
<bind>
<StgValue><ssdm name="p_str"/></StgValue>
</bind>
</comp>

<comp id="30" class="1001" name="const_30">
<pin_list>
<pin id="31" dir="1" index="0" bw="1" slack="2147483647"/>
</pin_list>
<bind>
<StgValue><ssdm name="_ssdm_op_SpecRegionBegin"/></StgValue>
</bind>
</comp>

<comp id="32" class="1001" name="const_32">
<pin_list>
<pin id="33" dir="1" index="0" bw="1" slack="2147483647"/>
</pin_list>
<bind>
<StgValue><ssdm name="_ssdm_op_SpecPipeline"/></StgValue>
</bind>
</comp>

<comp id="34" class="1001" name="const_34">
<pin_list>
<pin id="35" dir="1" index="0" bw="1" slack="2147483647"/>
</pin_list>
<bind>
<StgValue><ssdm name="_ssdm_op_SpecLoopTripCount"/></StgValue>
</bind>
</comp>

<comp id="36" class="1001" name="const_36">
<pin_list>
<pin id="37" dir="1" index="0" bw="1" slack="0"/>
</pin_list>
<bind>
<StgValue><ssdm name="_ssdm_op_Read.axis.volatile.i64P.i8P.i8P.i1P.i1P.i1P.i1P"/></StgValue>
</bind>
</comp>

<comp id="38" class="1001" name="const_38">
<pin_list>
<pin id="39" dir="1" index="0" bw="1" slack="2147483647"/>
</pin_list>
<bind>
<StgValue><ssdm name="_ssdm_op_SpecRegionEnd"/></StgValue>
</bind>
</comp>

<comp id="40" class="1004" name="empty_read_fu_40">
<pin_list>
<pin id="41" dir="0" index="0" bw="84" slack="0"/>
<pin id="42" dir="0" index="1" bw="64" slack="0"/>
<pin id="43" dir="0" index="2" bw="8" slack="0"/>
<pin id="44" dir="0" index="3" bw="8" slack="0"/>
<pin id="45" dir="0" index="4" bw="1" slack="0"/>
<pin id="46" dir="0" index="5" bw="1" slack="0"/>
<pin id="47" dir="0" index="6" bw="1" slack="0"/>
<pin id="48" dir="0" index="7" bw="1" slack="0"/>
<pin id="49" dir="1" index="8" bw="84" slack="0"/>
</pin_list>
<bind>
<opcode="read(1150) " fcode="read"/>
<opset="empty/2 "/>
</bind>
</comp>

<comp id="58" class="1004" name="tmp_last_V_fu_58">
<pin_list>
<pin id="59" dir="0" index="0" bw="84" slack="0"/>
<pin id="60" dir="1" index="1" bw="1" slack="2147483647"/>
</pin_list>
<bind>
<opcode="extractvalue(56) " fcode="extractvalue"/>
<opset="tmp_last_V/2 "/>
</bind>
</comp>

</comp_list>

<net_list>
<net id="50"><net_src comp="36" pin="0"/><net_sink comp="40" pin=0"/></net>

<net id="51"><net_src comp="0" pin="0"/><net_sink comp="40" pin=1"/></net>

<net id="52"><net_src comp="2" pin="0"/><net_sink comp="40" pin=2"/></net>

<net id="53"><net_src comp="4" pin="0"/><net_sink comp="40" pin=3"/></net>

<net id="54"><net_src comp="6" pin="0"/><net_sink comp="40" pin=4"/></net>

<net id="55"><net_src comp="8" pin="0"/><net_sink comp="40" pin=5"/></net>

<net id="56"><net_src comp="10" pin="0"/><net_sink comp="40" pin=6"/></net>

<net id="57"><net_src comp="12" pin="0"/><net_sink comp="40" pin=7"/></net>

<net id="61"><net_src comp="40" pin="8"/><net_sink comp="58" pin=0"/></net>

</net_list>

</model> 
---------------- Datapath Model END ------------------

* FSMD analyzer results:
  - Output states:
 - Input state : 
	Port: mem_read : in_stream_V_data_V | {2 }
	Port: mem_read : in_stream_V_keep_V | {2 }
	Port: mem_read : in_stream_V_strb_V | {2 }
	Port: mem_read : in_stream_V_user_V | {2 }
	Port: mem_read : in_stream_V_last_V | {2 }
	Port: mem_read : in_stream_V_id_V | {2 }
	Port: mem_read : in_stream_V_dest_V | {2 }
  - Chain level:
	State 1
	State 2
		empty_3 : 1
		StgValue_13 : 1
	State 3


============================================================
+ Verbose Summary: Datapath Resource usage 
============================================================

* Functional unit list:
|----------|------------------|
| Operation|  Functional Unit |
|----------|------------------|
|   read   | empty_read_fu_40 |
|----------|------------------|
|extractvalue| tmp_last_V_fu_58 |
|----------|------------------|
|   Total  |                  |
|----------|------------------|

Memories:
N/A

* Register list:
N/A

* Multiplexer (MUX) list: 
|--------|------|------|------|--------|
|  Comp  |  Pin | Size |  BW  | S x BW |
|--------|------|------|------|--------|
|  Total |      |      |      |    0   |
|--------|------|------|------|--------|



* Summary:
+-----------+
|           |
+-----------+
|  Function |
|   Memory  |
|Multiplexer|
|  Register |
+-----------+
|   Total   |
+-----------+
