11:57:08 INFO  : Registering command handlers for SDK TCF services
11:57:10 INFO  : Launching XSCT server: xsct -n -interactive /home/juju/mem_io_unit_testing/designs/f_PL_50_BURST_8/temp_xsdb_launch_script.tcl
11:57:11 INFO  : XSCT server has started successfully.
11:57:11 INFO  : Successfully done setting XSCT server connection channel  
11:57:11 INFO  : Successfully done setting SDK workspace  
11:57:11 INFO  : Processing command line option -hwspec /home/juju/mem_io_unit_testing/designs/f_PL_50_BURST_8/design_1_wrapper.hdf.
13:25:36 INFO  : SDK has detected change in the last modified timestamps for source hardware specification file Source:1528280320000,  Project:1528282218000
13:25:36 INFO  : Copied contents of /home/juju/mem_io_unit_testing/hw_files/f_PL_50_burst_256.hdf into /design_1_wrapper_hw_platform_0/system.hdf.
13:25:39 INFO  : Synchronizing projects in the workspace with the hardware platform specification changes.
13:25:40 ERROR : (XSDB Server)ERROR: [Hsi 55-1433] Error boost::filesystem::directory_iterator::construct: Permission denied: "/tmp/systemd-private-6dd9a32172cc40acbf4587d8f020955b-fwupd.service-HCSSQo"

13:25:40 ERROR : (XSDB Server)ERROR: [Hsi 55-1433] Error boost::filesystem::directory_iterator::construct: Permission denied: "/tmp/systemd-private-6dd9a32172cc40acbf4587d8f020955b-systemd-timesyncd.service-hWfMta"
ERROR: [Hsi 55-1433] Error boost::filesystem::directory_iterator::construct: Permission denied: "/tmp/systemd-private-6dd9a32172cc40acbf4587d8f020955b-rtkit-daemon.service-QdFb65"
ERROR: [Hsi 55-1433] Error boost::filesystem::directory_iterator::construct: Permission denied: "/tmp/systemd-private-6dd9a32172cc40acbf4587d8f020955b-colord.service-lBdKeC"

13:25:40 ERROR : Failed to call sync_sw_with_hw_change
Reason: ERROR: [Common 17-39] 'hsi::open_sw_design' failed due to earlier errors.

13:25:40 ERROR : Error updating BSP project MSS files.
13:25:41 INFO  : Updating hardware inferred compiler options for test.
13:25:41 INFO  : Clearing existing target manager status.
13:25:43 INFO  : Closing and re-opening the MSS file of ther project test_bsp
13:25:43 ERROR : (XSDB Server)ERROR: [Hsi 55-1558] Software Design system system is not found

13:25:43 ERROR :  [Common 17-39] 'hsi::current_sw_design' failed due to earlier errors.
13:25:43 ERROR : (XSDB Server)ERROR: [Hsi 55-1558] Software Design system system is not found

13:25:43 INFO  : Unable to read in MSS file /home/juju/mem_io_unit_testing/designs/f_PL_50_BURST_8/test_bsp/system.mss : null
13:25:43 ERROR : (XSDB Server)ERROR: [Hsi 55-1558] Software Design system system is not found

13:25:43 ERROR : (XSDB Server)ERROR: [Hsi 55-1558] Software Design system system is not found

13:25:44 ERROR : (XSDB Server)ERROR: [Hsi 55-1558] Software Design system system is not found

13:25:44 ERROR :  [Common 17-39] 'hsi::current_sw_design' failed due to earlier errors.
13:25:44 ERROR : (XSDB Server)ERROR: [Hsi 55-1558] Software Design system system is not found

13:25:44 INFO  : Unable to read in MSS file /home/juju/mem_io_unit_testing/designs/f_PL_50_BURST_8/test_bsp/system.mss : null
13:25:44 ERROR : (XSDB Server)ERROR: [Hsi 55-1558] Software Design system system is not found

13:25:44 ERROR : Failed to closesw "/home/juju/mem_io_unit_testing/designs/f_PL_50_BURST_8/test_bsp/system.mss"
Reason: Cannot close sw design '/home/juju/mem_io_unit_testing/designs/f_PL_50_BURST_8/test_bsp/system.mss'.
Design is not opened in the current session.


13:25:44 INFO  : Closing and re-opening the MSS file of ther project test_bsp
13:25:44 INFO  : Workspace synchronized with the new hardware specification file. Cleaning dependent projects...
13:25:45 WARN  : Linker script will not be updated automatically. Users need to update it manually.
13:26:02 ERROR : (XSDB Server)ERROR: [Hsi 55-1558] Software Design system system is not found

13:26:02 ERROR :  [Common 17-39] 'hsi::current_sw_design' failed due to earlier errors.
13:26:02 ERROR : (XSDB Server)ERROR: [Hsi 55-1558] Software Design system system is not found

13:26:02 INFO  : Unable to read in MSS file /home/juju/mem_io_unit_testing/designs/f_PL_50_BURST_8/test_bsp/system.mss : null
13:26:14 ERROR : (XSDB Server)ERROR: [Hsi 55-1558] Software Design system system is not found

13:26:14 ERROR :  [Common 17-39] 'hsi::current_sw_design' failed due to earlier errors.
13:26:14 ERROR : (XSDB Server)ERROR: [Hsi 55-1558] Software Design system system is not found

13:26:14 INFO  : Unable to read in MSS file /home/juju/mem_io_unit_testing/designs/f_PL_50_BURST_8/test_bsp/system.mss : null
13:26:14 ERROR : Unexpected error occurred during generating bsp sources
java.lang.reflect.InvocationTargetException
	at org.eclipse.jface.operation.ModalContext.run(ModalContext.java:398)
	at org.eclipse.jface.dialogs.ProgressMonitorDialog.run(ProgressMonitorDialog.java:481)
	at org.eclipse.ui.internal.progress.ProgressMonitorJobsDialog.run(ProgressMonitorJobsDialog.java:242)
	at org.eclipse.ui.internal.progress.ProgressManager$3.run(ProgressManager.java:895)
	at org.eclipse.swt.custom.BusyIndicator.showWhile(BusyIndicator.java:70)
	at org.eclipse.ui.internal.progress.ProgressManager.busyCursorWhile(ProgressManager.java:930)
	at org.eclipse.ui.internal.progress.ProgressManager.busyCursorWhile(ProgressManager.java:905)
	at org.eclipse.ui.internal.progress.ProgressManager.run(ProgressManager.java:1078)
	at com.xilinx.sdk.sw.ui.handlers.RegenBspSourcesHandler.execute(RegenBspSourcesHandler.java:124)
	at com.xilinx.sdk.sw.ui.handlers.RegenBspSourcesHandler.execute(RegenBspSourcesHandler.java:78)
	at org.eclipse.ui.internal.handlers.HandlerProxy.execute(HandlerProxy.java:295)
	at org.eclipse.ui.internal.handlers.E4HandlerProxy.execute(E4HandlerProxy.java:90)
	at sun.reflect.GeneratedMethodAccessor51.invoke(Unknown Source)
	at sun.reflect.DelegatingMethodAccessorImpl.invoke(DelegatingMethodAccessorImpl.java:43)
	at java.lang.reflect.Method.invoke(Method.java:498)
	at org.eclipse.e4.core.internal.di.MethodRequestor.execute(MethodRequestor.java:55)
	at org.eclipse.e4.core.internal.di.InjectorImpl.invokeUsingClass(InjectorImpl.java:282)
	at org.eclipse.e4.core.internal.di.InjectorImpl.invoke(InjectorImpl.java:264)
	at org.eclipse.e4.core.contexts.ContextInjectionFactory.invoke(ContextInjectionFactory.java:132)
	at org.eclipse.e4.core.commands.internal.HandlerServiceHandler.execute(HandlerServiceHandler.java:152)
	at org.eclipse.core.commands.Command.executeWithChecks(Command.java:494)
	at org.eclipse.core.commands.ParameterizedCommand.executeWithChecks(ParameterizedCommand.java:488)
	at org.eclipse.e4.core.commands.internal.HandlerServiceImpl.executeHandler(HandlerServiceImpl.java:210)
	at org.eclipse.e4.ui.workbench.renderers.swt.HandledContributionItem.executeItem(HandledContributionItem.java:433)
	at org.eclipse.e4.ui.workbench.renderers.swt.AbstractContributionItem.handleWidgetSelection(AbstractContributionItem.java:454)
	at org.eclipse.e4.ui.workbench.renderers.swt.AbstractContributionItem$3.handleEvent(AbstractContributionItem.java:482)
	at org.eclipse.swt.widgets.EventTable.sendEvent(EventTable.java:84)
	at org.eclipse.swt.widgets.Display.sendEvent(Display.java:5219)
	at org.eclipse.swt.widgets.Widget.sendEvent(Widget.java:1340)
	at org.eclipse.swt.widgets.Display.runDeferredEvents(Display.java:4553)
	at org.eclipse.swt.widgets.Display.readAndDispatch(Display.java:4143)
	at org.eclipse.e4.ui.internal.workbench.swt.PartRenderingEngine$4.run(PartRenderingEngine.java:1121)
	at org.eclipse.core.databinding.observable.Realm.runWithDefault(Realm.java:336)
	at org.eclipse.e4.ui.internal.workbench.swt.PartRenderingEngine.run(PartRenderingEngine.java:1022)
	at org.eclipse.e4.ui.internal.workbench.E4Workbench.createAndRunUI(E4Workbench.java:150)
	at org.eclipse.ui.internal.Workbench$5.run(Workbench.java:687)
	at org.eclipse.core.databinding.observable.Realm.runWithDefault(Realm.java:336)
	at org.eclipse.ui.internal.Workbench.createAndRunWorkbench(Workbench.java:604)
	at org.eclipse.ui.PlatformUI.createAndRunWorkbench(PlatformUI.java:148)
	at org.eclipse.ui.internal.ide.application.IDEApplication.start(IDEApplication.java:138)
	at org.eclipse.equinox.internal.app.EclipseAppHandle.run(EclipseAppHandle.java:196)
	at org.eclipse.core.runtime.internal.adaptor.EclipseAppLauncher.runApplication(EclipseAppLauncher.java:134)
	at org.eclipse.core.runtime.internal.adaptor.EclipseAppLauncher.start(EclipseAppLauncher.java:104)
	at org.eclipse.core.runtime.adaptor.EclipseStarter.run(EclipseStarter.java:388)
	at org.eclipse.core.runtime.adaptor.EclipseStarter.run(EclipseStarter.java:243)
	at sun.reflect.NativeMethodAccessorImpl.invoke0(Native Method)
	at sun.reflect.NativeMethodAccessorImpl.invoke(NativeMethodAccessorImpl.java:62)
	at sun.reflect.DelegatingMethodAccessorImpl.invoke(DelegatingMethodAccessorImpl.java:43)
	at java.lang.reflect.Method.invoke(Method.java:498)
	at org.eclipse.equinox.launcher.Main.invokeFramework(Main.java:673)
	at org.eclipse.equinox.launcher.Main.basicRun(Main.java:610)
	at org.eclipse.equinox.launcher.Main.run(Main.java:1519)
	at org.eclipse.equinox.launcher.Main.main(Main.java:1492)
Caused by: java.lang.IllegalArgumentException: Path must include project and resource name: /test_bsp
	at org.eclipse.core.runtime.Assert.isLegal(Assert.java:63)
	at org.eclipse.core.internal.resources.Workspace.newResource(Workspace.java:2068)
	at org.eclipse.core.internal.resources.Container.getFolder(Container.java:197)
	at com.xilinx.sdk.sw.ui.handlers.RegenBspSourcesHandler.internalGenerateBsp(RegenBspSourcesHandler.java:169)
	at com.xilinx.sdk.sw.ui.handlers.RegenBspSourcesHandler.access$2(RegenBspSourcesHandler.java:163)
	at com.xilinx.sdk.sw.ui.handlers.RegenBspSourcesHandler$1$1.run(RegenBspSourcesHandler.java:131)
	at org.eclipse.core.internal.resources.Workspace.run(Workspace.java:2240)
	at org.eclipse.core.internal.resources.Workspace.run(Workspace.java:2267)
	at com.xilinx.sdk.sw.ui.handlers.RegenBspSourcesHandler$1.run(RegenBspSourcesHandler.java:135)
	at org.eclipse.jface.operation.ModalContext$ModalContextThread.run(ModalContext.java:119)
13:26:22 ERROR : (XSDB Server)ERROR: [Hsi 55-1558] Software Design system system is not found

13:26:22 ERROR :  [Common 17-39] 'hsi::current_sw_design' failed due to earlier errors.
13:26:22 ERROR : (XSDB Server)ERROR: [Hsi 55-1558] Software Design system system is not found

13:26:22 INFO  : Unable to read in MSS file /home/juju/mem_io_unit_testing/designs/f_PL_50_BURST_8/test_bsp/system.mss : null
13:26:38 ERROR : (XSDB Server)ERROR: [Hsi 55-1558] Software Design system system is not found

13:26:38 ERROR :  [Common 17-39] 'hsi::current_sw_design' failed due to earlier errors.
13:26:38 ERROR : (XSDB Server)ERROR: [Hsi 55-1558] Software Design system system is not found

13:26:38 INFO  : Unable to read in MSS file /home/juju/mem_io_unit_testing/designs/f_PL_50_BURST_8/test_bsp/system.mss : null
13:26:38 ERROR : (XSDB Server)ERROR: [Hsi 55-1558] Software Design system system is not found

13:26:38 ERROR : (XSDB Server)ERROR: [Hsi 55-1558] Software Design system system is not found

13:26:38 ERROR :  [Common 17-39] 'hsi::current_sw_design' failed due to earlier errors.
13:26:38 ERROR : (XSDB Server)ERROR: [Hsi 55-1558] Software Design system system is not found

13:26:38 INFO  : Unable to read in MSS file /home/juju/mem_io_unit_testing/designs/f_PL_50_BURST_8/test_bsp/system.mss : null
13:26:38 ERROR : (XSDB Server)ERROR: [Hsi 55-1558] Software Design system system is not found

13:26:38 ERROR : (XSDB Server)ERROR: [Hsi 55-1558] Software Design system system is not found

13:26:38 ERROR :  [Common 17-39] 'hsi::current_sw_design' failed due to earlier errors.
13:26:38 ERROR : (XSDB Server)ERROR: [Hsi 55-1558] Software Design system system is not found

13:26:38 INFO  : Unable to read in MSS file /home/juju/mem_io_unit_testing/designs/f_PL_50_BURST_8/test_bsp/system.mss : null
13:26:38 ERROR : (XSDB Server)ERROR: [Hsi 55-1558] Software Design system system is not found

13:26:47 ERROR : (XSDB Server)ERROR: [Hsi 55-1558] Software Design system system is not found

13:26:47 ERROR :  [Common 17-39] 'hsi::current_sw_design' failed due to earlier errors.
13:26:47 ERROR : (XSDB Server)ERROR: [Hsi 55-1558] Software Design system system is not found

13:26:47 INFO  : Unable to read in MSS file /home/juju/mem_io_unit_testing/designs/f_PL_50_BURST_8/test_bsp/system.mss : null
13:26:47 ERROR : (XSDB Server)ERROR: [Hsi 55-1558] Software Design system system is not found

13:26:47 ERROR : (XSDB Server)ERROR: [Hsi 55-1558] Software Design system system is not found

13:26:47 ERROR :  [Common 17-39] 'hsi::current_sw_design' failed due to earlier errors.
13:26:47 ERROR : (XSDB Server)ERROR: [Hsi 55-1558] Software Design system system is not found

13:26:47 INFO  : Unable to read in MSS file /home/juju/mem_io_unit_testing/designs/f_PL_50_BURST_8/test_bsp/system.mss : null
13:26:47 ERROR : (XSDB Server)ERROR: [Hsi 55-1558] Software Design system system is not found

13:26:47 ERROR : (XSDB Server)ERROR: [Hsi 55-1558] Software Design system system is not found

13:26:47 ERROR :  [Common 17-39] 'hsi::current_sw_design' failed due to earlier errors.
13:26:47 ERROR : (XSDB Server)ERROR: [Hsi 55-1558] Software Design system system is not found

13:26:47 INFO  : Unable to read in MSS file /home/juju/mem_io_unit_testing/designs/f_PL_50_BURST_8/test_bsp/system.mss : null
13:26:47 ERROR : (XSDB Server)ERROR: [Hsi 55-1558] Software Design system system is not found

13:26:57 ERROR : (XSDB Server)ERROR: [Hsi 55-1558] Software Design system system is not found

13:26:57 ERROR :  [Common 17-39] 'hsi::current_sw_design' failed due to earlier errors.
13:26:57 ERROR : (XSDB Server)ERROR: [Hsi 55-1558] Software Design system system is not found

13:26:57 INFO  : Unable to read in MSS file /home/juju/mem_io_unit_testing/designs/f_PL_50_BURST_8/test_bsp/system.mss : null
13:26:57 ERROR : (XSDB Server)ERROR: [Hsi 55-1558] Software Design system system is not found

13:26:57 ERROR : (XSDB Server)ERROR: [Hsi 55-1558] Software Design system system is not found

13:26:57 ERROR :  [Common 17-39] 'hsi::current_sw_design' failed due to earlier errors.
13:26:57 ERROR : (XSDB Server)ERROR: [Hsi 55-1558] Software Design system system is not found

13:26:57 INFO  : Unable to read in MSS file /home/juju/mem_io_unit_testing/designs/f_PL_50_BURST_8/test_bsp/system.mss : null
13:26:57 ERROR : (XSDB Server)ERROR: [Hsi 55-1558] Software Design system system is not found

13:26:57 ERROR : (XSDB Server)ERROR: [Hsi 55-1558] Software Design system system is not found

13:26:57 ERROR :  [Common 17-39] 'hsi::current_sw_design' failed due to earlier errors.
13:26:57 ERROR : (XSDB Server)ERROR: [Hsi 55-1558] Software Design system system is not found

13:26:57 INFO  : Unable to read in MSS file /home/juju/mem_io_unit_testing/designs/f_PL_50_BURST_8/test_bsp/system.mss : null
13:26:57 ERROR : (XSDB Server)ERROR: [Hsi 55-1558] Software Design system system is not found

13:55:10 INFO  : Project 'f_PL_50_BURST_8' created. You can now create BSPs and application projects targeting this hardware platform.
13:55:19 ERROR : (XSDB Server)ERROR: [Hsi 55-1558] Software Design system system is not found

13:55:19 ERROR :  [Common 17-39] 'hsi::current_sw_design' failed due to earlier errors.
13:55:19 ERROR : (XSDB Server)ERROR: [Hsi 55-1558] Software Design system system is not found

13:55:19 INFO  : Unable to read in MSS file /home/juju/mem_io_unit_testing/designs/f_PL_50_BURST_8/test_bsp/system.mss : null
13:55:19 ERROR : Failed to closesw "/home/juju/mem_io_unit_testing/designs/f_PL_50_BURST_8/test_bsp/system.mss"
Reason: Cannot close sw design '/home/juju/mem_io_unit_testing/designs/f_PL_50_BURST_8/test_bsp/system.mss'.
Design is not opened in the current session.


13:55:27 ERROR : (XSDB Server)ERROR: [Hsi 55-1558] Software Design system system is not found

13:55:27 ERROR :  [Common 17-39] 'hsi::current_sw_design' failed due to earlier errors.
13:55:27 ERROR : (XSDB Server)ERROR: [Hsi 55-1558] Software Design system system is not found

13:55:27 INFO  : Unable to read in MSS file /home/juju/mem_io_unit_testing/designs/f_PL_50_BURST_8/test_bsp/system.mss : null
13:55:27 ERROR : Failed to closesw "/home/juju/mem_io_unit_testing/designs/f_PL_50_BURST_8/test_bsp/system.mss"
Reason: Cannot close sw design '/home/juju/mem_io_unit_testing/designs/f_PL_50_BURST_8/test_bsp/system.mss'.
Design is not opened in the current session.


14:01:00 INFO  : Project 'f_PL_50_BURST_256' created. You can now create BSPs and application projects targeting this hardware platform.
14:06:43 ERROR : (XSDB Server)/opt/Xilinx_2017.1/SDK/2017.1/bin/loader: line 179: 13581 Segmentation fault      (core dumped) "$RDI_PROG" "$@"

14:06:48 INFO  : Launching XSCT server: xsct -n -interactive /home/juju/mem_io_unit_testing/designs/f_PL_50_BURST_8/temp_xsdb_launch_script.tcl
14:06:49 INFO  : XSCT server has started successfully.
14:12:43 ERROR : (XSDB Server)/opt/Xilinx_2017.1/SDK/2017.1/bin/loader: line 179: 22319 Segmentation fault      (core dumped) "$RDI_PROG" "$@"

14:13:03 INFO  : Launching XSCT server: xsct -n -interactive /home/juju/mem_io_unit_testing/designs/f_PL_50_BURST_8/temp_xsdb_launch_script.tcl
14:13:04 INFO  : XSCT server has started successfully.
14:20:30 ERROR : (XSDB Server)/opt/Xilinx_2017.1/SDK/2017.1/bin/loader: line 179: 22592 Segmentation fault      (core dumped) "$RDI_PROG" "$@"

14:20:30 INFO  : Launching XSCT server: xsct -n -interactive /home/juju/mem_io_unit_testing/designs/f_PL_50_BURST_8/temp_xsdb_launch_script.tcl
14:20:31 INFO  : XSCT server has started successfully.
14:20:40 ERROR : (XSDB Server)/opt/Xilinx_2017.1/SDK/2017.1/bin/loader: line 179: 23701 Segmentation fault      (core dumped) "$RDI_PROG" "$@"

14:20:41 INFO  : Launching XSCT server: xsct -n -interactive /home/juju/mem_io_unit_testing/designs/f_PL_50_BURST_8/temp_xsdb_launch_script.tcl
14:20:42 INFO  : XSCT server has started successfully.
14:21:33 ERROR : Unexpected error while parsing XMD response ￿: com.google.gson.JsonSyntaxException: com.google.gson.stream.MalformedJsonException: invalid number or unquoted string near 
