

================================================================
== Vivado HLS Report for 'mem_hw_entry28'
================================================================
* Date:           Mon Jun 11 15:06:18 2018

* Version:        2017.1 (Build 1846317 on Fri Apr 14 19:19:38 MDT 2017)
* Project:        mem_prj
* Solution:       solution1
* Product family: zynq
* Target device:  xc7z020clg484-1


================================================================
== Performance Estimates
================================================================
+ Timing (ns): 
    * Summary: 
    +--------+--------+----------+------------+
    |  Clock | Target | Estimated| Uncertainty|
    +--------+--------+----------+------------+
    |ap_clk  |  800.00|      4.64|      100.00|
    +--------+--------+----------+------------+

+ Latency (clock cycles): 
    * Summary: 
    +-----+-----+-----+-----+---------+
    |  Latency  |  Interval | Pipeline|
    | min | max | min | max |   Type  |
    +-----+-----+-----+-----+---------+
    |    0|    0|    0|    0|   none  |
    +-----+-----+-----+-----+---------+

    + Detail: 
        * Instance: 
        N/A

        * Loop: 
        N/A



================================================================
== Utilization Estimates
================================================================
* Summary: 
+-----------------+---------+-------+--------+-------+
|       Name      | BRAM_18K| DSP48E|   FF   |  LUT  |
+-----------------+---------+-------+--------+-------+
|DSP              |        -|      -|       -|      -|
|Expression       |        -|      -|       0|      2|
|FIFO             |        -|      -|       -|      -|
|Instance         |        -|      -|       -|      -|
|Memory           |        -|      -|       -|      -|
|Multiplexer      |        -|      -|       -|     27|
|Register         |        -|      -|       2|      -|
+-----------------+---------+-------+--------+-------+
|Total            |        0|      0|       2|     29|
+-----------------+---------+-------+--------+-------+
|Available        |      280|    220|  106400|  53200|
+-----------------+---------+-------+--------+-------+
|Utilization (%)  |        0|      0|   ~0   |   ~0  |
+-----------------+---------+-------+--------+-------+

+ Detail: 
    * Instance: 
    N/A

    * DSP48: 
    N/A

    * Memory: 
    N/A

    * FIFO: 
    N/A

    * Expression: 
    +-----------------+----------+-------+---+----+------------+------------+
    |  Variable Name  | Operation| DSP48E| FF| LUT| Bitwidth P0| Bitwidth P1|
    +-----------------+----------+-------+---+----+------------+------------+
    |ap_block_state1  |    or    |      0|  0|   2|           1|           1|
    +-----------------+----------+-------+---+----+------------+------------+
    |Total            |          |      0|  0|   2|           1|           1|
    +-----------------+----------+-------+---+----+------------+------------+

    * Multiplexer: 
    +----------------+----+-----------+-----+-----------+
    |      Name      | LUT| Input Size| Bits| Total Bits|
    +----------------+----+-----------+-----+-----------+
    |ap_done         |   9|          2|    1|          2|
    |mask_blk_n      |   9|          2|    1|          2|
    |mask_out_blk_n  |   9|          2|    1|          2|
    +----------------+----+-----------+-----+-----------+
    |Total           |  27|          6|    3|          6|
    +----------------+----+-----------+-----+-----------+

    * Register: 
    +-------------+---+----+-----+-----------+
    |     Name    | FF| LUT| Bits| Const Bits|
    +-------------+---+----+-----+-----------+
    |ap_CS_fsm    |  1|   0|    1|          0|
    |ap_done_reg  |  1|   0|    1|          0|
    +-------------+---+----+-----+-----------+
    |Total        |  2|   0|    2|          0|
    +-------------+---+----+-----+-----------+



================================================================
== Interface
================================================================
* Summary: 
+-----------------+-----+-----+------------+----------------+--------------+
|    RTL Ports    | Dir | Bits|  Protocol  |  Source Object |    C Type    |
+-----------------+-----+-----+------------+----------------+--------------+
|ap_clk           |  in |    1| ap_ctrl_hs | mem_hw.entry28 | return value |
|ap_rst           |  in |    1| ap_ctrl_hs | mem_hw.entry28 | return value |
|ap_start         |  in |    1| ap_ctrl_hs | mem_hw.entry28 | return value |
|ap_done          | out |    1| ap_ctrl_hs | mem_hw.entry28 | return value |
|ap_continue      |  in |    1| ap_ctrl_hs | mem_hw.entry28 | return value |
|ap_idle          | out |    1| ap_ctrl_hs | mem_hw.entry28 | return value |
|ap_ready         | out |    1| ap_ctrl_hs | mem_hw.entry28 | return value |
|mask_dout        |  in |   32|   ap_fifo  |      mask      |    pointer   |
|mask_empty_n     |  in |    1|   ap_fifo  |      mask      |    pointer   |
|mask_read        | out |    1|   ap_fifo  |      mask      |    pointer   |
|mask_out_din     | out |   32|   ap_fifo  |    mask_out    |    pointer   |
|mask_out_full_n  |  in |    1|   ap_fifo  |    mask_out    |    pointer   |
|mask_out_write   | out |    1|   ap_fifo  |    mask_out    |    pointer   |
+-----------------+-----+-----+------------+----------------+--------------+

