#-----------------------------------------------------------
# xsim v2017.1 (64-bit)
# SW Build 1846317 on Fri Apr 14 18:54:47 MDT 2017
# IP Build 1846188 on Fri Apr 14 20:52:08 MDT 2017
# Start of session at: Mon Jun 11 15:09:25 2018
# Process ID: 18550
# Current directory: /home/juju/mem_io_unit_testing/ip/mem_prj/solution1/sim/verilog
# Command line: xsim -mode tcl -source {xsim.dir/mem_hw/xsim_script.tcl}
# Log file: /home/juju/mem_io_unit_testing/ip/mem_prj/solution1/sim/verilog/xsim.log
# Journal file: /home/juju/mem_io_unit_testing/ip/mem_prj/solution1/sim/verilog/xsim.jou
#-----------------------------------------------------------
source xsim.dir/mem_hw/xsim_script.tcl
# xsim {mem_hw} -autoloadwcfg -tclbatch {mem_hw.tcl}
Vivado Simulator 2017.1
Time resolution is 1 ps
source mem_hw.tcl
## run all
////////////////////////////////////////////////////////////////////////////////////
// Inter-Transaction Progress: Completed Transaction / Total Transaction
// Intra-Transaction Progress: Measured Latency / Latency Estimation * 100%
//
// RTL Simulation : "Inter-Transaction Progress" ["Intra-Transaction Progress"] @ "Simulation Time"
////////////////////////////////////////////////////////////////////////////////////
// RTL Simulation : 0 / 1 [0.00%] @ "2000000"
// RTL Simulation : 1 / 1 [0.00%] @ "841346800000"
////////////////////////////////////////////////////////////////////////////////////
$finish called at time : 841350 us : File "/home/juju/mem_io_unit_testing/ip/mem_prj/solution1/sim/verilog/mem_hw.autotb.v" Line 474
run: Time (s): cpu = 00:00:00.01 ; elapsed = 00:01:22 . Memory (MB): peak = 1020.531 ; gain = 0.000 ; free physical = 1664 ; free virtual = 22312
## quit
INFO: [Common 17-206] Exiting xsim at Mon Jun 11 15:10:55 2018...
